{"/Users/gonzaloignaciopincheiraarancibia/Desktop/nodeApps/github/number2words/spec/number2words_spec.js":{"path":"/Users/gonzaloignaciopincheiraarancibia/Desktop/nodeApps/github/number2words/spec/number2words_spec.js","s":{"1":1,"2":1,"3":1,"4":1,"5":1,"6":23,"7":264,"8":264,"9":1,"10":1,"11":1,"12":1,"13":1,"14":0,"15":0,"16":1,"17":0,"18":1,"19":0,"20":0,"21":0,"22":1,"23":0,"24":0,"25":0,"26":0,"27":1,"28":0,"29":0,"30":0,"31":0,"32":1,"33":1,"34":1,"35":1,"36":1,"37":1,"38":1,"39":1,"40":1,"41":1,"42":1,"43":1,"44":1,"45":1,"46":1,"47":1,"48":1,"49":1,"50":1,"51":1,"52":1,"53":1,"54":1,"55":1,"56":1,"57":1,"58":1,"59":1,"60":1,"61":1,"62":1,"63":1,"64":1,"65":1,"66":1,"67":1,"68":1,"69":1,"70":1,"71":1,"72":1,"73":1,"74":1,"75":1,"76":1,"77":1,"78":1,"79":1,"80":1,"81":1,"82":1,"83":1,"84":1,"85":1,"86":1,"87":1,"88":1,"89":1,"90":1,"91":1,"92":1,"93":1,"94":1,"95":1,"96":1,"97":1,"98":1,"99":1,"100":1,"101":1,"102":1,"103":1,"104":1,"105":1,"106":1,"107":1,"108":1,"109":1,"110":1,"111":1,"112":1,"113":1,"114":1,"115":1,"116":1,"117":1,"118":1,"119":1,"120":1,"121":1,"122":1,"123":1,"124":1,"125":1,"126":1,"127":1,"128":1,"129":1,"130":1,"131":1,"132":1,"133":1,"134":1,"135":1,"136":1,"137":1,"138":1,"139":1,"140":1,"141":1,"142":1,"143":1,"144":1,"145":1,"146":1,"147":1,"148":1,"149":1,"150":1,"151":1,"152":1,"153":1,"154":1,"155":1,"156":1,"157":1,"158":1,"159":1,"160":1,"161":1},"b":{},"f":{"1":1,"2":23,"3":264,"4":1,"5":0,"6":0,"7":0,"8":0,"9":0,"10":0,"11":0,"12":1,"13":1,"14":1,"15":1,"16":1,"17":1,"18":1,"19":1,"20":1,"21":1,"22":1,"23":1,"24":1,"25":1,"26":1,"27":1,"28":1,"29":1,"30":1,"31":1,"32":1,"33":1,"34":1,"35":1,"36":1,"37":1,"38":1,"39":1,"40":1,"41":1},"fnMap":{"1":{"name":"libDescription","line":4,"loc":{"start":{"line":4,"column":0},"end":{"line":4,"column":25}}},"2":{"name":"runningArrayExpectations","line":11,"loc":{"start":{"line":11,"column":2},"end":{"line":11,"column":64}}},"3":{"name":"(anonymous_3)","line":12,"loc":{"start":{"line":12,"column":28},"end":{"line":12,"column":58}}},"4":{"name":"eachSetup","line":22,"loc":{"start":{"line":22,"column":2},"end":{"line":22,"column":22}}},"5":{"name":"cornerCasesDescription","line":28,"loc":{"start":{"line":28,"column":2},"end":{"line":28,"column":35}}},"6":{"name":"spec1","line":33,"loc":{"start":{"line":33,"column":4},"end":{"line":33,"column":20}}},"7":{"name":"spec2","line":37,"loc":{"start":{"line":37,"column":4},"end":{"line":37,"column":20}}},"8":{"name":"spec3","line":44,"loc":{"start":{"line":44,"column":4},"end":{"line":44,"column":20}}},"9":{"name":"spec4","line":58,"loc":{"start":{"line":58,"column":4},"end":{"line":58,"column":20}}},"10":{"name":"(anonymous_10)","line":61,"loc":{"start":{"line":61,"column":36},"end":{"line":61,"column":51}}},"11":{"name":"(anonymous_11)","line":62,"loc":{"start":{"line":62,"column":15},"end":{"line":62,"column":25}}},"12":{"name":"description1","line":70,"loc":{"start":{"line":70,"column":2},"end":{"line":70,"column":25}}},"13":{"name":"spec1","line":76,"loc":{"start":{"line":76,"column":4},"end":{"line":76,"column":20}}},"14":{"name":"description2","line":83,"loc":{"start":{"line":83,"column":2},"end":{"line":83,"column":25}}},"15":{"name":"spec1","line":85,"loc":{"start":{"line":85,"column":4},"end":{"line":85,"column":20}}},"16":{"name":"description3","line":93,"loc":{"start":{"line":93,"column":2},"end":{"line":93,"column":25}}},"17":{"name":"spec1","line":95,"loc":{"start":{"line":95,"column":4},"end":{"line":95,"column":20}}},"18":{"name":"description4","line":103,"loc":{"start":{"line":103,"column":2},"end":{"line":103,"column":25}}},"19":{"name":"spec1","line":105,"loc":{"start":{"line":105,"column":4},"end":{"line":105,"column":20}}},"20":{"name":"description5","line":114,"loc":{"start":{"line":114,"column":2},"end":{"line":114,"column":25}}},"21":{"name":"spec1","line":116,"loc":{"start":{"line":116,"column":4},"end":{"line":116,"column":20}}},"22":{"name":"spec2","line":123,"loc":{"start":{"line":123,"column":4},"end":{"line":123,"column":20}}},"23":{"name":"description6","line":143,"loc":{"start":{"line":143,"column":2},"end":{"line":143,"column":25}}},"24":{"name":"spec1","line":145,"loc":{"start":{"line":145,"column":4},"end":{"line":145,"column":20}}},"25":{"name":"spec2","line":159,"loc":{"start":{"line":159,"column":4},"end":{"line":159,"column":20}}},"26":{"name":"spec3","line":176,"loc":{"start":{"line":176,"column":4},"end":{"line":176,"column":20}}},"27":{"name":"spec4","line":183,"loc":{"start":{"line":183,"column":4},"end":{"line":183,"column":20}}},"28":{"name":"spec5","line":190,"loc":{"start":{"line":190,"column":4},"end":{"line":190,"column":20}}},"29":{"name":"spec6","line":197,"loc":{"start":{"line":197,"column":4},"end":{"line":197,"column":20}}},"30":{"name":"description7","line":206,"loc":{"start":{"line":206,"column":2},"end":{"line":206,"column":25}}},"31":{"name":"spec1","line":210,"loc":{"start":{"line":210,"column":4},"end":{"line":210,"column":20}}},"32":{"name":"spec2","line":217,"loc":{"start":{"line":217,"column":4},"end":{"line":217,"column":20}}},"33":{"name":"spec3","line":225,"loc":{"start":{"line":225,"column":4},"end":{"line":225,"column":20}}},"34":{"name":"spec4","line":233,"loc":{"start":{"line":233,"column":4},"end":{"line":233,"column":20}}},"35":{"name":"spec5","line":241,"loc":{"start":{"line":241,"column":4},"end":{"line":241,"column":20}}},"36":{"name":"spec6","line":248,"loc":{"start":{"line":248,"column":4},"end":{"line":248,"column":20}}},"37":{"name":"spec7","line":258,"loc":{"start":{"line":258,"column":4},"end":{"line":258,"column":20}}},"38":{"name":"spec8","line":268,"loc":{"start":{"line":268,"column":4},"end":{"line":268,"column":20}}},"39":{"name":"spec9","line":276,"loc":{"start":{"line":276,"column":4},"end":{"line":276,"column":20}}},"40":{"name":"spec10","line":284,"loc":{"start":{"line":284,"column":4},"end":{"line":284,"column":21}}},"41":{"name":"spec11","line":299,"loc":{"start":{"line":299,"column":4},"end":{"line":299,"column":21}}}},"statementMap":{"1":{"start":{"line":1,"column":0},"end":{"line":1,"column":54}},"2":{"start":{"line":2,"column":0},"end":{"line":2,"column":57}},"3":{"start":{"line":4,"column":0},"end":{"line":310,"column":1}},"4":{"start":{"line":6,"column":2},"end":{"line":9,"column":28}},"5":{"start":{"line":11,"column":2},"end":{"line":20,"column":3}},"6":{"start":{"line":12,"column":4},"end":{"line":19,"column":7}},"7":{"start":{"line":16,"column":6},"end":{"line":16,"column":70}},"8":{"start":{"line":18,"column":6},"end":{"line":18,"column":51}},"9":{"start":{"line":22,"column":2},"end":{"line":25,"column":3}},"10":{"start":{"line":23,"column":4},"end":{"line":23,"column":46}},"11":{"start":{"line":24,"column":4},"end":{"line":24,"column":39}},"12":{"start":{"line":27,"column":2},"end":{"line":27,"column":56}},"13":{"start":{"line":28,"column":2},"end":{"line":68,"column":3}},"14":{"start":{"line":30,"column":4},"end":{"line":30,"column":26}},"15":{"start":{"line":32,"column":4},"end":{"line":32,"column":53}},"16":{"start":{"line":33,"column":4},"end":{"line":35,"column":5}},"17":{"start":{"line":36,"column":4},"end":{"line":36,"column":113}},"18":{"start":{"line":37,"column":4},"end":{"line":40,"column":5}},"19":{"start":{"line":38,"column":6},"end":{"line":38,"column":99}},"20":{"start":{"line":39,"column":6},"end":{"line":39,"column":110}},"21":{"start":{"line":43,"column":4},"end":{"line":43,"column":56}},"22":{"start":{"line":44,"column":4},"end":{"line":55,"column":5}},"23":{"start":{"line":46,"column":6},"end":{"line":46,"column":110}},"24":{"start":{"line":47,"column":6},"end":{"line":52,"column":48}},"25":{"start":{"line":54,"column":6},"end":{"line":54,"column":72}},"26":{"start":{"line":57,"column":4},"end":{"line":57,"column":90}},"27":{"start":{"line":58,"column":4},"end":{"line":66,"column":5}},"28":{"start":{"line":59,"column":6},"end":{"line":59,"column":89}},"29":{"start":{"line":61,"column":6},"end":{"line":65,"column":9}},"30":{"start":{"line":62,"column":8},"end":{"line":64,"column":21}},"31":{"start":{"line":63,"column":10},"end":{"line":63,"column":42}},"32":{"start":{"line":69,"column":1},"end":{"line":69,"column":46}},"33":{"start":{"line":70,"column":2},"end":{"line":81,"column":3}},"34":{"start":{"line":72,"column":4},"end":{"line":72,"column":26}},"35":{"start":{"line":74,"column":4},"end":{"line":74,"column":69}},"36":{"start":{"line":76,"column":4},"end":{"line":80,"column":5}},"37":{"start":{"line":77,"column":6},"end":{"line":77,"column":53}},"38":{"start":{"line":78,"column":6},"end":{"line":78,"column":99}},"39":{"start":{"line":79,"column":6},"end":{"line":79,"column":72}},"40":{"start":{"line":82,"column":1},"end":{"line":82,"column":48}},"41":{"start":{"line":83,"column":2},"end":{"line":90,"column":3}},"42":{"start":{"line":84,"column":4},"end":{"line":84,"column":70}},"43":{"start":{"line":85,"column":4},"end":{"line":89,"column":5}},"44":{"start":{"line":86,"column":6},"end":{"line":86,"column":63}},"45":{"start":{"line":87,"column":6},"end":{"line":87,"column":129}},"46":{"start":{"line":88,"column":6},"end":{"line":88,"column":72}},"47":{"start":{"line":92,"column":1},"end":{"line":92,"column":48}},"48":{"start":{"line":93,"column":2},"end":{"line":100,"column":3}},"49":{"start":{"line":94,"column":4},"end":{"line":94,"column":70}},"50":{"start":{"line":95,"column":4},"end":{"line":99,"column":5}},"51":{"start":{"line":96,"column":6},"end":{"line":96,"column":60}},"52":{"start":{"line":97,"column":6},"end":{"line":97,"column":146}},"53":{"start":{"line":98,"column":6},"end":{"line":98,"column":72}},"54":{"start":{"line":102,"column":1},"end":{"line":102,"column":48}},"55":{"start":{"line":103,"column":2},"end":{"line":111,"column":3}},"56":{"start":{"line":104,"column":4},"end":{"line":104,"column":70}},"57":{"start":{"line":105,"column":4},"end":{"line":110,"column":5}},"58":{"start":{"line":106,"column":6},"end":{"line":106,"column":60}},"59":{"start":{"line":107,"column":6},"end":{"line":108,"column":62}},"60":{"start":{"line":109,"column":6},"end":{"line":109,"column":72}},"61":{"start":{"line":113,"column":1},"end":{"line":113,"column":50}},"62":{"start":{"line":114,"column":2},"end":{"line":140,"column":3}},"63":{"start":{"line":115,"column":4},"end":{"line":115,"column":66}},"64":{"start":{"line":116,"column":4},"end":{"line":120,"column":5}},"65":{"start":{"line":117,"column":6},"end":{"line":117,"column":69}},"66":{"start":{"line":118,"column":6},"end":{"line":118,"column":145}},"67":{"start":{"line":119,"column":6},"end":{"line":119,"column":72}},"68":{"start":{"line":122,"column":4},"end":{"line":122,"column":77}},"69":{"start":{"line":123,"column":4},"end":{"line":139,"column":5}},"70":{"start":{"line":124,"column":6},"end":{"line":126,"column":57}},"71":{"start":{"line":127,"column":6},"end":{"line":137,"column":111}},"72":{"start":{"line":138,"column":6},"end":{"line":138,"column":71}},"73":{"start":{"line":142,"column":1},"end":{"line":142,"column":54}},"74":{"start":{"line":143,"column":2},"end":{"line":202,"column":3}},"75":{"start":{"line":144,"column":4},"end":{"line":144,"column":96}},"76":{"start":{"line":145,"column":4},"end":{"line":156,"column":5}},"77":{"start":{"line":146,"column":6},"end":{"line":148,"column":75}},"78":{"start":{"line":149,"column":6},"end":{"line":154,"column":98}},"79":{"start":{"line":155,"column":6},"end":{"line":155,"column":71}},"80":{"start":{"line":158,"column":4},"end":{"line":158,"column":86}},"81":{"start":{"line":159,"column":4},"end":{"line":173,"column":5}},"82":{"start":{"line":160,"column":6},"end":{"line":162,"column":131}},"83":{"start":{"line":163,"column":6},"end":{"line":171,"column":78}},"84":{"start":{"line":172,"column":6},"end":{"line":172,"column":72}},"85":{"start":{"line":175,"column":4},"end":{"line":175,"column":88}},"86":{"start":{"line":176,"column":4},"end":{"line":180,"column":5}},"87":{"start":{"line":177,"column":6},"end":{"line":177,"column":47}},"88":{"start":{"line":178,"column":6},"end":{"line":178,"column":85}},"89":{"start":{"line":179,"column":6},"end":{"line":179,"column":72}},"90":{"start":{"line":182,"column":4},"end":{"line":182,"column":87}},"91":{"start":{"line":183,"column":4},"end":{"line":187,"column":5}},"92":{"start":{"line":184,"column":6},"end":{"line":184,"column":47}},"93":{"start":{"line":185,"column":6},"end":{"line":185,"column":103}},"94":{"start":{"line":186,"column":6},"end":{"line":186,"column":72}},"95":{"start":{"line":189,"column":4},"end":{"line":189,"column":86}},"96":{"start":{"line":190,"column":4},"end":{"line":194,"column":5}},"97":{"start":{"line":191,"column":6},"end":{"line":191,"column":47}},"98":{"start":{"line":192,"column":6},"end":{"line":192,"column":118}},"99":{"start":{"line":193,"column":6},"end":{"line":193,"column":72}},"100":{"start":{"line":196,"column":4},"end":{"line":196,"column":87}},"101":{"start":{"line":197,"column":4},"end":{"line":201,"column":5}},"102":{"start":{"line":198,"column":6},"end":{"line":198,"column":47}},"103":{"start":{"line":199,"column":6},"end":{"line":199,"column":136}},"104":{"start":{"line":200,"column":6},"end":{"line":200,"column":72}},"105":{"start":{"line":205,"column":1},"end":{"line":205,"column":64}},"106":{"start":{"line":206,"column":2},"end":{"line":306,"column":3}},"107":{"start":{"line":208,"column":4},"end":{"line":208,"column":77}},"108":{"start":{"line":210,"column":4},"end":{"line":214,"column":5}},"109":{"start":{"line":211,"column":6},"end":{"line":211,"column":105}},"110":{"start":{"line":212,"column":6},"end":{"line":212,"column":170}},"111":{"start":{"line":213,"column":6},"end":{"line":213,"column":72}},"112":{"start":{"line":216,"column":4},"end":{"line":216,"column":79}},"113":{"start":{"line":217,"column":4},"end":{"line":222,"column":5}},"114":{"start":{"line":218,"column":6},"end":{"line":218,"column":123}},"115":{"start":{"line":219,"column":6},"end":{"line":220,"column":91}},"116":{"start":{"line":221,"column":6},"end":{"line":221,"column":72}},"117":{"start":{"line":224,"column":4},"end":{"line":224,"column":79}},"118":{"start":{"line":225,"column":4},"end":{"line":230,"column":5}},"119":{"start":{"line":226,"column":6},"end":{"line":226,"column":123}},"120":{"start":{"line":227,"column":6},"end":{"line":228,"column":116}},"121":{"start":{"line":229,"column":6},"end":{"line":229,"column":72}},"122":{"start":{"line":232,"column":4},"end":{"line":232,"column":79}},"123":{"start":{"line":233,"column":4},"end":{"line":238,"column":5}},"124":{"start":{"line":234,"column":6},"end":{"line":234,"column":123}},"125":{"start":{"line":235,"column":6},"end":{"line":236,"column":125}},"126":{"start":{"line":237,"column":6},"end":{"line":237,"column":72}},"127":{"start":{"line":240,"column":4},"end":{"line":240,"column":96}},"128":{"start":{"line":241,"column":4},"end":{"line":245,"column":5}},"129":{"start":{"line":242,"column":6},"end":{"line":242,"column":130}},"130":{"start":{"line":243,"column":6},"end":{"line":243,"column":233}},"131":{"start":{"line":244,"column":6},"end":{"line":244,"column":72}},"132":{"start":{"line":247,"column":4},"end":{"line":247,"column":63}},"133":{"start":{"line":248,"column":4},"end":{"line":255,"column":5}},"134":{"start":{"line":249,"column":6},"end":{"line":249,"column":130}},"135":{"start":{"line":250,"column":6},"end":{"line":253,"column":8}},"136":{"start":{"line":254,"column":6},"end":{"line":254,"column":72}},"137":{"start":{"line":257,"column":4},"end":{"line":257,"column":65}},"138":{"start":{"line":258,"column":4},"end":{"line":264,"column":5}},"139":{"start":{"line":259,"column":6},"end":{"line":259,"column":130}},"140":{"start":{"line":260,"column":6},"end":{"line":262,"column":8}},"141":{"start":{"line":263,"column":6},"end":{"line":263,"column":72}},"142":{"start":{"line":266,"column":4},"end":{"line":266,"column":64}},"143":{"start":{"line":268,"column":4},"end":{"line":272,"column":5}},"144":{"start":{"line":269,"column":6},"end":{"line":269,"column":41}},"145":{"start":{"line":270,"column":6},"end":{"line":270,"column":60}},"146":{"start":{"line":271,"column":6},"end":{"line":271,"column":72}},"147":{"start":{"line":274,"column":4},"end":{"line":274,"column":63}},"148":{"start":{"line":276,"column":4},"end":{"line":280,"column":5}},"149":{"start":{"line":277,"column":6},"end":{"line":277,"column":41}},"150":{"start":{"line":278,"column":6},"end":{"line":278,"column":64}},"151":{"start":{"line":279,"column":6},"end":{"line":279,"column":72}},"152":{"start":{"line":282,"column":4},"end":{"line":282,"column":63}},"153":{"start":{"line":284,"column":4},"end":{"line":295,"column":5}},"154":{"start":{"line":285,"column":6},"end":{"line":286,"column":35}},"155":{"start":{"line":287,"column":6},"end":{"line":293,"column":8}},"156":{"start":{"line":294,"column":6},"end":{"line":294,"column":72}},"157":{"start":{"line":297,"column":4},"end":{"line":297,"column":65}},"158":{"start":{"line":299,"column":4},"end":{"line":303,"column":5}},"159":{"start":{"line":300,"column":6},"end":{"line":300,"column":44}},"160":{"start":{"line":301,"column":6},"end":{"line":301,"column":77}},"161":{"start":{"line":302,"column":6},"end":{"line":302,"column":72}}},"branchMap":{}},"/Users/gonzaloignaciopincheiraarancibia/Desktop/nodeApps/github/number2words/src/number2words.js":{"path":"/Users/gonzaloignaciopincheiraarancibia/Desktop/nodeApps/github/number2words/src/number2words.js","s":{"1":1,"2":1,"3":1,"4":1,"5":1,"6":1,"7":1,"8":1,"9":520,"10":520,"11":0,"12":1,"13":684,"14":684,"15":94,"16":5,"17":89,"18":94,"19":196,"20":196,"21":196,"22":90,"23":90,"24":57,"25":2,"26":55,"27":106,"28":1,"29":105,"30":196,"31":394,"32":4,"33":390,"34":171,"35":2,"36":169,"37":169,"38":169,"39":28,"40":141,"41":3,"42":138,"43":138,"44":29,"45":1,"46":28,"47":109,"48":394,"49":684,"50":1,"51":520,"52":520,"53":520,"54":520,"55":520,"56":520,"57":264,"58":520,"59":520,"60":517,"61":517,"62":520,"63":301,"64":110,"65":191,"66":5,"67":186,"68":75,"69":520,"70":264,"71":256},"b":{"1":[520,0],"2":[94,196,394],"3":[5,89],"4":[94,14],"5":[90,106],"6":[57,33],"7":[2,55],"8":[57,10],"9":[1,105],"10":[106,2],"11":[4,390],"12":[171,219],"13":[2,169],"14":[28,141],"15":[3,138],"16":[29,109],"17":[1,28],"18":[29,2],"19":[520,0],"20":[520,264],"21":[520,264],"22":[264,256],"23":[3,517],"24":[520,512,512,11],"25":[517,0],"26":[301,219],"27":[110,191],"28":[5,186],"29":[191,185,6],"30":[75,111],"31":[264,256]},"f":{"1":1,"2":1,"3":520,"4":684,"5":520},"fnMap":{"1":{"name":"ConverterToWords","line":99,"loc":{"start":{"line":99,"column":0},"end":{"line":99,"column":27}}},"2":{"name":"(anonymous_2)","line":103,"loc":{"start":{"line":103,"column":41},"end":{"line":103,"column":59}}},"3":{"name":"(anonymous_3)","line":108,"loc":{"start":{"line":108,"column":43},"end":{"line":108,"column":59}}},"4":{"name":"(anonymous_4)","line":115,"loc":{"start":{"line":115,"column":35},"end":{"line":115,"column":77}}},"5":{"name":"(anonymous_5)","line":208,"loc":{"start":{"line":208,"column":37},"end":{"line":208,"column":96}}}},"statementMap":{"1":{"start":{"line":1,"column":0},"end":{"line":93,"column":6}},"2":{"start":{"line":97,"column":0},"end":{"line":97,"column":34}},"3":{"start":{"line":99,"column":0},"end":{"line":101,"column":1}},"4":{"start":{"line":100,"column":2},"end":{"line":100,"column":23}},"5":{"start":{"line":103,"column":0},"end":{"line":106,"column":2}},"6":{"start":{"line":104,"column":2},"end":{"line":104,"column":27}},"7":{"start":{"line":105,"column":2},"end":{"line":105,"column":66}},"8":{"start":{"line":108,"column":0},"end":{"line":113,"column":2}},"9":{"start":{"line":109,"column":2},"end":{"line":111,"column":3}},"10":{"start":{"line":110,"column":4},"end":{"line":110,"column":16}},"11":{"start":{"line":112,"column":2},"end":{"line":112,"column":46}},"12":{"start":{"line":115,"column":0},"end":{"line":206,"column":2}},"13":{"start":{"line":117,"column":2},"end":{"line":124,"column":19}},"14":{"start":{"line":126,"column":2},"end":{"line":203,"column":3}},"15":{"start":{"line":131,"column":6},"end":{"line":136,"column":7}},"16":{"start":{"line":132,"column":8},"end":{"line":132,"column":51}},"17":{"start":{"line":135,"column":8},"end":{"line":135,"column":58}},"18":{"start":{"line":137,"column":6},"end":{"line":137,"column":12}},"19":{"start":{"line":140,"column":6},"end":{"line":140,"column":41}},"20":{"start":{"line":141,"column":6},"end":{"line":141,"column":34}},"21":{"start":{"line":143,"column":6},"end":{"line":162,"column":7}},"22":{"start":{"line":144,"column":8},"end":{"line":144,"column":63}},"23":{"start":{"line":146,"column":8},"end":{"line":153,"column":9}},"24":{"start":{"line":147,"column":10},"end":{"line":152,"column":11}},"25":{"start":{"line":148,"column":12},"end":{"line":148,"column":64}},"26":{"start":{"line":151,"column":12},"end":{"line":151,"column":83}},"27":{"start":{"line":156,"column":8},"end":{"line":161,"column":9}},"28":{"start":{"line":157,"column":10},"end":{"line":157,"column":54}},"29":{"start":{"line":160,"column":10},"end":{"line":160,"column":60}},"30":{"start":{"line":163,"column":6},"end":{"line":163,"column":12}},"31":{"start":{"line":166,"column":6},"end":{"line":200,"column":7}},"32":{"start":{"line":167,"column":8},"end":{"line":167,"column":66}},"33":{"start":{"line":169,"column":11},"end":{"line":200,"column":7}},"34":{"start":{"line":171,"column":8},"end":{"line":199,"column":9}},"35":{"start":{"line":172,"column":10},"end":{"line":172,"column":71}},"36":{"start":{"line":175,"column":10},"end":{"line":175,"column":49}},"37":{"start":{"line":176,"column":10},"end":{"line":176,"column":41}},"38":{"start":{"line":178,"column":10},"end":{"line":198,"column":11}},"39":{"start":{"line":179,"column":12},"end":{"line":179,"column":64}},"40":{"start":{"line":181,"column":15},"end":{"line":198,"column":11}},"41":{"start":{"line":182,"column":12},"end":{"line":182,"column":78}},"42":{"start":{"line":185,"column":12},"end":{"line":185,"column":69}},"43":{"start":{"line":187,"column":12},"end":{"line":197,"column":13}},"44":{"start":{"line":188,"column":14},"end":{"line":193,"column":15}},"45":{"start":{"line":189,"column":16},"end":{"line":189,"column":60}},"46":{"start":{"line":192,"column":16},"end":{"line":192,"column":84}},"47":{"start":{"line":196,"column":14},"end":{"line":196,"column":80}},"48":{"start":{"line":202,"column":6},"end":{"line":202,"column":12}},"49":{"start":{"line":205,"column":2},"end":{"line":205,"column":20}},"50":{"start":{"line":208,"column":0},"end":{"line":248,"column":2}},"51":{"start":{"line":210,"column":2},"end":{"line":212,"column":3}},"52":{"start":{"line":211,"column":4},"end":{"line":211,"column":59}},"53":{"start":{"line":214,"column":2},"end":{"line":214,"column":15}},"54":{"start":{"line":216,"column":2},"end":{"line":217,"column":34}},"55":{"start":{"line":219,"column":2},"end":{"line":219,"column":60}},"56":{"start":{"line":221,"column":2},"end":{"line":221,"column":35}},"57":{"start":{"line":221,"column":19},"end":{"line":221,"column":35}},"58":{"start":{"line":223,"column":2},"end":{"line":223,"column":47}},"59":{"start":{"line":225,"column":2},"end":{"line":230,"column":3}},"60":{"start":{"line":228,"column":7},"end":{"line":230,"column":3}},"61":{"start":{"line":229,"column":4},"end":{"line":229,"column":63}},"62":{"start":{"line":231,"column":2},"end":{"line":241,"column":3}},"63":{"start":{"line":232,"column":4},"end":{"line":240,"column":5}},"64":{"start":{"line":233,"column":6},"end":{"line":233,"column":62}},"65":{"start":{"line":235,"column":9},"end":{"line":240,"column":5}},"66":{"start":{"line":236,"column":6},"end":{"line":236,"column":64}},"67":{"start":{"line":238,"column":9},"end":{"line":240,"column":5}},"68":{"start":{"line":239,"column":6},"end":{"line":239,"column":62}},"69":{"start":{"line":243,"column":2},"end":{"line":245,"column":3}},"70":{"start":{"line":244,"column":4},"end":{"line":244,"column":23}},"71":{"start":{"line":247,"column":2},"end":{"line":247,"column":63}}},"branchMap":{"1":{"line":109,"type":"if","locations":[{"start":{"line":109,"column":2},"end":{"line":109,"column":2}},{"start":{"line":109,"column":2},"end":{"line":109,"column":2}}]},"2":{"line":126,"type":"switch","locations":[{"start":{"line":128,"column":4},"end":{"line":137,"column":12}},{"start":{"line":139,"column":4},"end":{"line":163,"column":12}},{"start":{"line":165,"column":4},"end":{"line":202,"column":12}}]},"3":{"line":131,"type":"if","locations":[{"start":{"line":131,"column":6},"end":{"line":131,"column":6}},{"start":{"line":131,"column":6},"end":{"line":131,"column":6}}]},"4":{"line":131,"type":"binary-expr","locations":[{"start":{"line":131,"column":11},"end":{"line":131,"column":34}},{"start":{"line":131,"column":39},"end":{"line":131,"column":71}}]},"5":{"line":143,"type":"if","locations":[{"start":{"line":143,"column":6},"end":{"line":143,"column":6}},{"start":{"line":143,"column":6},"end":{"line":143,"column":6}}]},"6":{"line":146,"type":"if","locations":[{"start":{"line":146,"column":8},"end":{"line":146,"column":8}},{"start":{"line":146,"column":8},"end":{"line":146,"column":8}}]},"7":{"line":147,"type":"if","locations":[{"start":{"line":147,"column":10},"end":{"line":147,"column":10}},{"start":{"line":147,"column":10},"end":{"line":147,"column":10}}]},"8":{"line":147,"type":"binary-expr","locations":[{"start":{"line":147,"column":13},"end":{"line":147,"column":30}},{"start":{"line":147,"column":34},"end":{"line":147,"column":67}}]},"9":{"line":156,"type":"if","locations":[{"start":{"line":156,"column":8},"end":{"line":156,"column":8}},{"start":{"line":156,"column":8},"end":{"line":156,"column":8}}]},"10":{"line":156,"type":"binary-expr","locations":[{"start":{"line":156,"column":11},"end":{"line":156,"column":25}},{"start":{"line":156,"column":29},"end":{"line":156,"column":62}}]},"11":{"line":166,"type":"if","locations":[{"start":{"line":166,"column":6},"end":{"line":166,"column":6}},{"start":{"line":166,"column":6},"end":{"line":166,"column":6}}]},"12":{"line":169,"type":"if","locations":[{"start":{"line":169,"column":11},"end":{"line":169,"column":11}},{"start":{"line":169,"column":11},"end":{"line":169,"column":11}}]},"13":{"line":171,"type":"if","locations":[{"start":{"line":171,"column":8},"end":{"line":171,"column":8}},{"start":{"line":171,"column":8},"end":{"line":171,"column":8}}]},"14":{"line":178,"type":"if","locations":[{"start":{"line":178,"column":10},"end":{"line":178,"column":10}},{"start":{"line":178,"column":10},"end":{"line":178,"column":10}}]},"15":{"line":181,"type":"if","locations":[{"start":{"line":181,"column":15},"end":{"line":181,"column":15}},{"start":{"line":181,"column":15},"end":{"line":181,"column":15}}]},"16":{"line":187,"type":"if","locations":[{"start":{"line":187,"column":12},"end":{"line":187,"column":12}},{"start":{"line":187,"column":12},"end":{"line":187,"column":12}}]},"17":{"line":188,"type":"if","locations":[{"start":{"line":188,"column":14},"end":{"line":188,"column":14}},{"start":{"line":188,"column":14},"end":{"line":188,"column":14}}]},"18":{"line":188,"type":"binary-expr","locations":[{"start":{"line":188,"column":17},"end":{"line":188,"column":41}},{"start":{"line":188,"column":45},"end":{"line":188,"column":77}}]},"19":{"line":210,"type":"if","locations":[{"start":{"line":210,"column":2},"end":{"line":210,"column":2}},{"start":{"line":210,"column":2},"end":{"line":210,"column":2}}]},"20":{"line":217,"type":"binary-expr","locations":[{"start":{"line":217,"column":13},"end":{"line":217,"column":27}},{"start":{"line":217,"column":31},"end":{"line":217,"column":33}}]},"21":{"line":219,"type":"binary-expr","locations":[{"start":{"line":219,"column":17},"end":{"line":219,"column":29}},{"start":{"line":219,"column":33},"end":{"line":219,"column":59}}]},"22":{"line":221,"type":"if","locations":[{"start":{"line":221,"column":2},"end":{"line":221,"column":2}},{"start":{"line":221,"column":2},"end":{"line":221,"column":2}}]},"23":{"line":225,"type":"if","locations":[{"start":{"line":225,"column":2},"end":{"line":225,"column":2}},{"start":{"line":225,"column":2},"end":{"line":225,"column":2}}]},"24":{"line":225,"type":"binary-expr","locations":[{"start":{"line":225,"column":7},"end":{"line":225,"column":20}},{"start":{"line":225,"column":24},"end":{"line":225,"column":38}},{"start":{"line":225,"column":42},"end":{"line":225,"column":57}},{"start":{"line":225,"column":63},"end":{"line":225,"column":100}}]},"25":{"line":228,"type":"if","locations":[{"start":{"line":228,"column":7},"end":{"line":228,"column":7}},{"start":{"line":228,"column":7},"end":{"line":228,"column":7}}]},"26":{"line":231,"type":"if","locations":[{"start":{"line":231,"column":2},"end":{"line":231,"column":2}},{"start":{"line":231,"column":2},"end":{"line":231,"column":2}}]},"27":{"line":232,"type":"if","locations":[{"start":{"line":232,"column":4},"end":{"line":232,"column":4}},{"start":{"line":232,"column":4},"end":{"line":232,"column":4}}]},"28":{"line":235,"type":"if","locations":[{"start":{"line":235,"column":9},"end":{"line":235,"column":9}},{"start":{"line":235,"column":9},"end":{"line":235,"column":9}}]},"29":{"line":235,"type":"binary-expr","locations":[{"start":{"line":235,"column":13},"end":{"line":235,"column":26}},{"start":{"line":235,"column":30},"end":{"line":235,"column":44}},{"start":{"line":235,"column":49},"end":{"line":235,"column":81}}]},"30":{"line":238,"type":"if","locations":[{"start":{"line":238,"column":9},"end":{"line":238,"column":9}},{"start":{"line":238,"column":9},"end":{"line":238,"column":9}}]},"31":{"line":243,"type":"if","locations":[{"start":{"line":243,"column":2},"end":{"line":243,"column":2}},{"start":{"line":243,"column":2},"end":{"line":243,"column":2}}]}}}}