TN:
SF:/Users/gonzaloignaciopincheiraarancibia/Desktop/nodeApps/github/number2words/spec/number2words_spec.js
FN:4,libDescription
FN:11,runningArrayExpectations
FN:12,(anonymous_3)
FN:22,eachSetup
FN:28,cornerCasesDescription
FN:33,spec1
FN:37,spec2
FN:44,spec3
FN:58,spec4
FN:61,(anonymous_10)
FN:62,(anonymous_11)
FN:70,description1
FN:76,spec1
FN:83,description2
FN:85,spec1
FN:93,description3
FN:95,spec1
FN:103,description4
FN:105,spec1
FN:114,description5
FN:116,spec1
FN:123,spec2
FN:143,description6
FN:145,spec1
FN:159,spec2
FN:176,spec3
FN:183,spec4
FN:190,spec5
FN:197,spec6
FN:206,description7
FN:210,spec1
FN:217,spec2
FN:225,spec3
FN:233,spec4
FN:241,spec5
FN:248,spec6
FN:258,spec7
FN:268,spec8
FN:276,spec9
FN:284,spec10
FN:299,spec11
FNF:41
FNH:34
FNDA:1,libDescription
FNDA:23,runningArrayExpectations
FNDA:264,(anonymous_3)
FNDA:1,eachSetup
FNDA:0,cornerCasesDescription
FNDA:0,spec1
FNDA:0,spec2
FNDA:0,spec3
FNDA:0,spec4
FNDA:0,(anonymous_10)
FNDA:0,(anonymous_11)
FNDA:1,description1
FNDA:1,spec1
FNDA:1,description2
FNDA:1,spec1
FNDA:1,description3
FNDA:1,spec1
FNDA:1,description4
FNDA:1,spec1
FNDA:1,description5
FNDA:1,spec1
FNDA:1,spec2
FNDA:1,description6
FNDA:1,spec1
FNDA:1,spec2
FNDA:1,spec3
FNDA:1,spec4
FNDA:1,spec5
FNDA:1,spec6
FNDA:1,description7
FNDA:1,spec1
FNDA:1,spec2
FNDA:1,spec3
FNDA:1,spec4
FNDA:1,spec5
FNDA:1,spec6
FNDA:1,spec7
FNDA:1,spec8
FNDA:1,spec9
FNDA:1,spec10
FNDA:1,spec11
DA:1,1
DA:2,1
DA:4,1
DA:6,1
DA:11,1
DA:12,23
DA:16,264
DA:18,264
DA:22,1
DA:23,1
DA:24,1
DA:27,1
DA:28,1
DA:30,0
DA:32,0
DA:33,1
DA:36,0
DA:37,1
DA:38,0
DA:39,0
DA:43,0
DA:44,1
DA:46,0
DA:47,0
DA:54,0
DA:57,0
DA:58,1
DA:59,0
DA:61,0
DA:62,0
DA:63,0
DA:69,1
DA:70,1
DA:72,1
DA:74,1
DA:76,1
DA:77,1
DA:78,1
DA:79,1
DA:82,1
DA:83,1
DA:84,1
DA:85,1
DA:86,1
DA:87,1
DA:88,1
DA:92,1
DA:93,1
DA:94,1
DA:95,1
DA:96,1
DA:97,1
DA:98,1
DA:102,1
DA:103,1
DA:104,1
DA:105,1
DA:106,1
DA:107,1
DA:109,1
DA:113,1
DA:114,1
DA:115,1
DA:116,1
DA:117,1
DA:118,1
DA:119,1
DA:122,1
DA:123,1
DA:124,1
DA:127,1
DA:138,1
DA:142,1
DA:143,1
DA:144,1
DA:145,1
DA:146,1
DA:149,1
DA:155,1
DA:158,1
DA:159,1
DA:160,1
DA:163,1
DA:172,1
DA:175,1
DA:176,1
DA:177,1
DA:178,1
DA:179,1
DA:182,1
DA:183,1
DA:184,1
DA:185,1
DA:186,1
DA:189,1
DA:190,1
DA:191,1
DA:192,1
DA:193,1
DA:196,1
DA:197,1
DA:198,1
DA:199,1
DA:200,1
DA:205,1
DA:206,1
DA:208,1
DA:210,1
DA:211,1
DA:212,1
DA:213,1
DA:216,1
DA:217,1
DA:218,1
DA:219,1
DA:221,1
DA:224,1
DA:225,1
DA:226,1
DA:227,1
DA:229,1
DA:232,1
DA:233,1
DA:234,1
DA:235,1
DA:237,1
DA:240,1
DA:241,1
DA:242,1
DA:243,1
DA:244,1
DA:247,1
DA:248,1
DA:249,1
DA:250,1
DA:254,1
DA:257,1
DA:258,1
DA:259,1
DA:260,1
DA:263,1
DA:266,1
DA:268,1
DA:269,1
DA:270,1
DA:271,1
DA:274,1
DA:276,1
DA:277,1
DA:278,1
DA:279,1
DA:282,1
DA:284,1
DA:285,1
DA:287,1
DA:294,1
DA:297,1
DA:299,1
DA:300,1
DA:301,1
DA:302,1
LF:161
LH:147
BRF:0
BRH:0
end_of_record
TN:
SF:/Users/gonzaloignaciopincheiraarancibia/Desktop/nodeApps/github/number2words/src/number2words.js
FN:99,ConverterToWords
FN:103,(anonymous_2)
FN:108,(anonymous_3)
FN:115,(anonymous_4)
FN:208,(anonymous_5)
FNF:5
FNH:5
FNDA:1,ConverterToWords
FNDA:1,(anonymous_2)
FNDA:520,(anonymous_3)
FNDA:684,(anonymous_4)
FNDA:520,(anonymous_5)
DA:1,1
DA:97,1
DA:99,1
DA:100,1
DA:103,1
DA:104,1
DA:105,1
DA:108,1
DA:109,520
DA:110,520
DA:112,0
DA:115,1
DA:117,684
DA:126,684
DA:131,94
DA:132,5
DA:135,89
DA:137,94
DA:140,196
DA:141,196
DA:143,196
DA:144,90
DA:146,90
DA:147,57
DA:148,2
DA:151,55
DA:156,106
DA:157,1
DA:160,105
DA:163,196
DA:166,394
DA:167,4
DA:169,390
DA:171,171
DA:172,2
DA:175,169
DA:176,169
DA:178,169
DA:179,28
DA:181,141
DA:182,3
DA:185,138
DA:187,138
DA:188,29
DA:189,1
DA:192,28
DA:196,109
DA:202,394
DA:205,684
DA:208,1
DA:210,520
DA:211,520
DA:214,520
DA:216,520
DA:219,520
DA:221,520
DA:223,520
DA:225,520
DA:228,517
DA:229,517
DA:231,520
DA:232,301
DA:233,110
DA:235,191
DA:236,5
DA:238,186
DA:239,75
DA:243,520
DA:244,264
DA:247,256
LF:70
LH:69
BRDA:109,1,0,520
BRDA:109,1,1,0
BRDA:126,2,0,94
BRDA:126,2,1,196
BRDA:126,2,2,394
BRDA:131,3,0,5
BRDA:131,3,1,89
BRDA:131,4,0,94
BRDA:131,4,1,14
BRDA:143,5,0,90
BRDA:143,5,1,106
BRDA:146,6,0,57
BRDA:146,6,1,33
BRDA:147,7,0,2
BRDA:147,7,1,55
BRDA:147,8,0,57
BRDA:147,8,1,10
BRDA:156,9,0,1
BRDA:156,9,1,105
BRDA:156,10,0,106
BRDA:156,10,1,2
BRDA:166,11,0,4
BRDA:166,11,1,390
BRDA:169,12,0,171
BRDA:169,12,1,219
BRDA:171,13,0,2
BRDA:171,13,1,169
BRDA:178,14,0,28
BRDA:178,14,1,141
BRDA:181,15,0,3
BRDA:181,15,1,138
BRDA:187,16,0,29
BRDA:187,16,1,109
BRDA:188,17,0,1
BRDA:188,17,1,28
BRDA:188,18,0,29
BRDA:188,18,1,2
BRDA:210,19,0,520
BRDA:210,19,1,0
BRDA:217,20,0,520
BRDA:217,20,1,264
BRDA:219,21,0,520
BRDA:219,21,1,264
BRDA:221,22,0,264
BRDA:221,22,1,256
BRDA:225,23,0,3
BRDA:225,23,1,517
BRDA:225,24,0,520
BRDA:225,24,1,512
BRDA:225,24,2,512
BRDA:225,24,3,11
BRDA:228,25,0,517
BRDA:228,25,1,0
BRDA:231,26,0,301
BRDA:231,26,1,219
BRDA:232,27,0,110
BRDA:232,27,1,191
BRDA:235,28,0,5
BRDA:235,28,1,186
BRDA:235,29,0,191
BRDA:235,29,1,185
BRDA:235,29,2,6
BRDA:238,30,0,75
BRDA:238,30,1,111
BRDA:243,31,0,264
BRDA:243,31,1,256
BRF:66
BRH:63
end_of_record
